2026-01-05 21:27:20,850 - __main__ - INFO - Starting Random Forest model training
2026-01-05 21:27:20,852 - __main__ - INFO - Loaded preprocessed features from data/features
2026-01-05 21:27:20,852 - src.data.dataset_loader - INFO - Discovered 10 genres: ['blues', 'classical', 'country', 'disco', 'hiphop', 'jazz', 'metal', 'pop', 'reggae', 'rock']
2026-01-05 21:27:20,852 - __main__ - INFO - Feature matrix shape: (999, 126)
2026-01-05 21:27:20,856 - __main__ - INFO - Training Random Forest model
2026-01-05 21:27:21,296 - __main__ - INFO - Evaluating model
2026-01-05 21:27:21,365 - src.evaluation.metrics - INFO - Accuracy: 0.7050
2026-01-05 21:27:21,365 - src.evaluation.metrics - INFO - F1 Score (macro): 0.7073
2026-01-05 21:27:21,365 - __main__ - INFO - 
Classification Report:
              precision    recall  f1-score   support

       blues       0.80      0.60      0.69        20
   classical       0.95      0.95      0.95        20
     country       0.60      0.75      0.67        20
       disco       0.50      0.55      0.52        20
      hiphop       0.70      0.80      0.74        20
        jazz       0.75      0.75      0.75        20
       metal       0.89      0.85      0.87        20
         pop       0.65      0.65      0.65        20
      reggae       0.87      0.65      0.74        20
        rock       0.48      0.50      0.49        20

    accuracy                           0.70       200
   macro avg       0.72      0.70      0.71       200
weighted avg       0.72      0.70      0.71       200

2026-01-05 21:27:21,445 - src.models.utils - INFO - Model saved to models/rf.pkl
2026-01-05 21:27:21,445 - src.models.utils - INFO - Model saved to models/rf_scaler.pkl
2026-01-05 21:27:21,446 - src.models.utils - INFO - Results saved to outputs/rf_results.json
2026-01-05 21:27:22,584 - src.evaluation.visualization - INFO - Confusion matrix saved to outputs/plots/rf_confusion_matrix.png
2026-01-05 21:27:22,584 - __main__ - INFO - Random Forest training completed successfully
