2026-01-05 21:27:40,022 - __main__ - INFO - Starting MLP model training
2026-01-05 21:27:40,023 - __main__ - INFO - Using device: cpu
2026-01-05 21:27:40,023 - __main__ - INFO - Loaded preprocessed features from data/features
2026-01-05 21:27:40,024 - src.data.dataset_loader - INFO - Discovered 10 genres: ['blues', 'classical', 'country', 'disco', 'hiphop', 'jazz', 'metal', 'pop', 'reggae', 'rock']
2026-01-05 21:27:40,024 - __main__ - INFO - Feature matrix shape: (999, 126)
2026-01-05 21:27:41,019 - __main__ - INFO - Training MLP model
2026-01-05 21:27:41,145 - __main__ - INFO - Epoch 1/100 - Loss: 2.0489, Acc: 0.2718, Val Loss: 1.8541, Val Acc: 0.5556
2026-01-05 21:27:41,203 - __main__ - INFO - Epoch 2/100 - Loss: 1.4955, Acc: 0.5293, Val Loss: 1.4891, Val Acc: 0.6061
2026-01-05 21:27:41,270 - __main__ - INFO - Epoch 3/100 - Loss: 1.2449, Acc: 0.6123, Val Loss: 1.3450, Val Acc: 0.6667
2026-01-05 21:27:41,325 - __main__ - INFO - Epoch 4/100 - Loss: 1.0627, Acc: 0.6853, Val Loss: 1.2378, Val Acc: 0.7273
2026-01-05 21:27:41,385 - __main__ - INFO - Epoch 5/100 - Loss: 0.8913, Acc: 0.7339, Val Loss: 1.1672, Val Acc: 0.7475
2026-01-05 21:27:41,444 - __main__ - INFO - Epoch 6/100 - Loss: 0.7851, Acc: 0.7568, Val Loss: 1.1750, Val Acc: 0.7677
2026-01-05 21:27:41,501 - __main__ - INFO - Epoch 7/100 - Loss: 0.6747, Acc: 0.8326, Val Loss: 1.0637, Val Acc: 0.8182
2026-01-05 21:27:41,557 - __main__ - INFO - Epoch 8/100 - Loss: 0.6132, Acc: 0.8240, Val Loss: 1.0744, Val Acc: 0.8081
2026-01-05 21:27:41,607 - __main__ - INFO - Epoch 9/100 - Loss: 0.5745, Acc: 0.8340, Val Loss: 1.0062, Val Acc: 0.7879
2026-01-05 21:27:41,658 - __main__ - INFO - Epoch 10/100 - Loss: 0.4859, Acc: 0.8698, Val Loss: 1.0210, Val Acc: 0.7778
2026-01-05 21:27:41,707 - __main__ - INFO - Epoch 11/100 - Loss: 0.4284, Acc: 0.8741, Val Loss: 0.9939, Val Acc: 0.8182
2026-01-05 21:27:41,760 - __main__ - INFO - Epoch 12/100 - Loss: 0.3839, Acc: 0.8956, Val Loss: 1.1145, Val Acc: 0.8485
2026-01-05 21:27:41,813 - __main__ - INFO - Epoch 13/100 - Loss: 0.3926, Acc: 0.8827, Val Loss: 1.0464, Val Acc: 0.7778
2026-01-05 21:27:41,868 - __main__ - INFO - Epoch 14/100 - Loss: 0.3078, Acc: 0.9256, Val Loss: 0.9866, Val Acc: 0.7778
2026-01-05 21:27:41,918 - __main__ - INFO - Epoch 15/100 - Loss: 0.2841, Acc: 0.9356, Val Loss: 1.0436, Val Acc: 0.7778
2026-01-05 21:27:41,968 - __main__ - INFO - Epoch 16/100 - Loss: 0.2983, Acc: 0.9156, Val Loss: 0.9866, Val Acc: 0.7980
2026-01-05 21:27:42,016 - __main__ - INFO - Epoch 17/100 - Loss: 0.2745, Acc: 0.9127, Val Loss: 1.1568, Val Acc: 0.7677
2026-01-05 21:27:42,066 - __main__ - INFO - Epoch 18/100 - Loss: 0.2231, Acc: 0.9428, Val Loss: 1.0542, Val Acc: 0.8182
2026-01-05 21:27:42,118 - __main__ - INFO - Epoch 19/100 - Loss: 0.1946, Acc: 0.9456, Val Loss: 1.0053, Val Acc: 0.7677
2026-01-05 21:27:42,168 - __main__ - INFO - Epoch 20/100 - Loss: 0.2127, Acc: 0.9456, Val Loss: 1.1150, Val Acc: 0.7879
2026-01-05 21:27:42,217 - __main__ - INFO - Epoch 21/100 - Loss: 0.1910, Acc: 0.9485, Val Loss: 1.0676, Val Acc: 0.8283
2026-01-05 21:27:42,269 - __main__ - INFO - Epoch 22/100 - Loss: 0.1886, Acc: 0.9471, Val Loss: 1.0707, Val Acc: 0.8182
2026-01-05 21:27:42,318 - __main__ - INFO - Epoch 23/100 - Loss: 0.1525, Acc: 0.9514, Val Loss: 1.1333, Val Acc: 0.7778
2026-01-05 21:27:42,368 - __main__ - INFO - Epoch 24/100 - Loss: 0.1748, Acc: 0.9585, Val Loss: 1.0952, Val Acc: 0.7778
2026-01-05 21:27:42,423 - __main__ - INFO - Epoch 25/100 - Loss: 0.1589, Acc: 0.9499, Val Loss: 1.1811, Val Acc: 0.7980
2026-01-05 21:27:42,473 - __main__ - INFO - Epoch 26/100 - Loss: 0.1458, Acc: 0.9557, Val Loss: 1.2469, Val Acc: 0.7879
2026-01-05 21:27:42,522 - __main__ - INFO - Epoch 27/100 - Loss: 0.1288, Acc: 0.9700, Val Loss: 1.3104, Val Acc: 0.7677
2026-01-05 21:27:42,522 - __main__ - INFO - Early stopping at epoch 27
2026-01-05 21:27:42,525 - __main__ - INFO - Evaluating model
2026-01-05 21:30:17,318 - __main__ - INFO - Starting MLP model training
2026-01-05 21:30:17,318 - __main__ - INFO - Using device: cpu
2026-01-05 21:30:17,319 - __main__ - INFO - Loaded preprocessed features from data/features
2026-01-05 21:30:17,320 - src.data.dataset_loader - INFO - Discovered 10 genres: ['blues', 'classical', 'country', 'disco', 'hiphop', 'jazz', 'metal', 'pop', 'reggae', 'rock']
2026-01-05 21:30:17,320 - __main__ - INFO - Feature matrix shape: (999, 126)
2026-01-05 21:30:17,916 - __main__ - INFO - Training MLP model
2026-01-05 21:30:17,995 - __main__ - INFO - Epoch 1/100 - Loss: 2.0200, Acc: 0.2732, Val Loss: 1.7733, Val Acc: 0.5556
2026-01-05 21:30:18,051 - __main__ - INFO - Epoch 2/100 - Loss: 1.5056, Acc: 0.5007, Val Loss: 1.3466, Val Acc: 0.6263
2026-01-05 21:30:18,107 - __main__ - INFO - Epoch 3/100 - Loss: 1.2390, Acc: 0.6266, Val Loss: 1.2483, Val Acc: 0.6869
2026-01-05 21:30:18,167 - __main__ - INFO - Epoch 4/100 - Loss: 1.0383, Acc: 0.6810, Val Loss: 1.1482, Val Acc: 0.7475
2026-01-05 21:30:18,222 - __main__ - INFO - Epoch 5/100 - Loss: 0.8922, Acc: 0.7425, Val Loss: 1.0913, Val Acc: 0.7576
2026-01-05 21:30:18,286 - __main__ - INFO - Epoch 6/100 - Loss: 0.7807, Acc: 0.7825, Val Loss: 1.0506, Val Acc: 0.7677
2026-01-05 21:30:18,344 - __main__ - INFO - Epoch 7/100 - Loss: 0.6702, Acc: 0.8183, Val Loss: 0.9790, Val Acc: 0.7980
2026-01-05 21:30:18,403 - __main__ - INFO - Epoch 8/100 - Loss: 0.6029, Acc: 0.8269, Val Loss: 0.9553, Val Acc: 0.7879
2026-01-05 21:30:18,459 - __main__ - INFO - Epoch 9/100 - Loss: 0.5117, Acc: 0.8584, Val Loss: 1.0049, Val Acc: 0.7576
2026-01-05 21:30:18,520 - __main__ - INFO - Epoch 10/100 - Loss: 0.4996, Acc: 0.8584, Val Loss: 0.8940, Val Acc: 0.8384
2026-01-05 21:30:18,578 - __main__ - INFO - Epoch 11/100 - Loss: 0.3928, Acc: 0.9027, Val Loss: 0.9754, Val Acc: 0.7677
2026-01-05 21:30:18,632 - __main__ - INFO - Epoch 12/100 - Loss: 0.3374, Acc: 0.9185, Val Loss: 0.9044, Val Acc: 0.8182
2026-01-05 21:30:18,683 - __main__ - INFO - Epoch 13/100 - Loss: 0.3227, Acc: 0.9142, Val Loss: 0.9008, Val Acc: 0.7677
2026-01-05 21:30:18,734 - __main__ - INFO - Epoch 14/100 - Loss: 0.2853, Acc: 0.9285, Val Loss: 1.0630, Val Acc: 0.7172
2026-01-05 21:30:18,787 - __main__ - INFO - Epoch 15/100 - Loss: 0.2754, Acc: 0.9328, Val Loss: 0.9686, Val Acc: 0.7778
2026-01-05 21:30:18,837 - __main__ - INFO - Epoch 16/100 - Loss: 0.2325, Acc: 0.9385, Val Loss: 0.9139, Val Acc: 0.7677
2026-01-05 21:30:18,888 - __main__ - INFO - Epoch 17/100 - Loss: 0.2207, Acc: 0.9456, Val Loss: 0.9862, Val Acc: 0.7677
2026-01-05 21:30:18,940 - __main__ - INFO - Epoch 18/100 - Loss: 0.2192, Acc: 0.9413, Val Loss: 1.0413, Val Acc: 0.7980
2026-01-05 21:30:18,998 - __main__ - INFO - Epoch 19/100 - Loss: 0.2056, Acc: 0.9442, Val Loss: 1.0244, Val Acc: 0.7778
2026-01-05 21:30:19,056 - __main__ - INFO - Epoch 20/100 - Loss: 0.1766, Acc: 0.9628, Val Loss: 1.0579, Val Acc: 0.8182
2026-01-05 21:30:19,120 - __main__ - INFO - Epoch 21/100 - Loss: 0.1711, Acc: 0.9514, Val Loss: 1.0111, Val Acc: 0.8081
2026-01-05 21:30:19,179 - __main__ - INFO - Epoch 22/100 - Loss: 0.1550, Acc: 0.9557, Val Loss: 1.0175, Val Acc: 0.8081
2026-01-05 21:30:19,231 - __main__ - INFO - Epoch 23/100 - Loss: 0.1401, Acc: 0.9700, Val Loss: 0.9854, Val Acc: 0.7980
2026-01-05 21:30:19,281 - __main__ - INFO - Epoch 24/100 - Loss: 0.1551, Acc: 0.9599, Val Loss: 1.0137, Val Acc: 0.8081
2026-01-05 21:30:19,332 - __main__ - INFO - Epoch 25/100 - Loss: 0.1266, Acc: 0.9700, Val Loss: 0.9581, Val Acc: 0.8081
2026-01-05 21:30:19,332 - __main__ - INFO - Early stopping at epoch 25
2026-01-05 21:30:19,334 - __main__ - INFO - Evaluating model
2026-01-05 21:30:19,356 - src.evaluation.metrics - INFO - Accuracy: 0.7264
2026-01-05 21:30:19,356 - src.evaluation.metrics - INFO - F1 Score (macro): 0.7246
2026-01-05 21:30:19,356 - __main__ - INFO - 
Classification Report:
              precision    recall  f1-score   support

       blues       0.83      0.75      0.79        20
   classical       0.85      0.85      0.85        20
     country       0.65      0.75      0.70        20
       disco       0.76      0.65      0.70        20
      hiphop       0.71      0.60      0.65        20
        jazz       0.84      0.80      0.82        20
       metal       0.91      1.00      0.95        21
         pop       0.62      0.75      0.68        20
      reggae       0.52      0.55      0.54        20
        rock       0.58      0.55      0.56        20

    accuracy                           0.73       201
   macro avg       0.73      0.72      0.72       201
weighted avg       0.73      0.73      0.73       201

2026-01-05 21:30:19,360 - src.models.utils - INFO - Model saved to models/mlp_scaler.pkl
2026-01-05 21:30:19,361 - src.models.utils - INFO - Results saved to outputs/mlp_results.json
2026-01-05 21:30:20,394 - src.evaluation.visualization - INFO - Confusion matrix saved to outputs/plots/mlp_confusion_matrix.png
2026-01-05 21:30:21,141 - src.evaluation.visualization - INFO - Training history saved to outputs/plots/mlp_training_history.png
2026-01-05 21:30:21,141 - __main__ - INFO - MLP training completed successfully
